  [1m[36m (370.2ms)[0m  [1mCREATE TABLE `schema_migrations` (`version` varchar(255) NOT NULL) ENGINE=InnoDB[0m
  [1m[35m (593.0ms)[0m  CREATE UNIQUE INDEX `unique_schema_migrations`  ON `schema_migrations` (`version`) 
  [1m[36mActiveRecord::SchemaMigration Load (0.4ms)[0m  [1mSELECT `schema_migrations`.* FROM `schema_migrations`[0m
Migrating to CreateContatos (20161021161944)
  [1m[35m (297.1ms)[0m  CREATE TABLE `contatos` (`id` int(11) auto_increment PRIMARY KEY, `nome` varchar(255), `telefone` varchar(255), `email` varchar(255), `created_at` datetime NOT NULL, `updated_at` datetime NOT NULL) ENGINE=InnoDB
  [1m[36m (0.3ms)[0m  [1mBEGIN[0m
  [1m[35mSQL (0.4ms)[0m  INSERT INTO `schema_migrations` (`version`) VALUES ('20161021161944')
  [1m[36m (37.2ms)[0m  [1mCOMMIT[0m
  [1m[35mActiveRecord::SchemaMigration Load (0.6ms)[0m  SELECT `schema_migrations`.* FROM `schema_migrations`
  [1m[36m (15.7ms)[0m  [1mSELECT fk.referenced_table_name as 'to_table'
      ,fk.referenced_column_name as 'primary_key'
      ,fk.column_name as 'column'
      ,fk.constraint_name as 'name'
FROM information_schema.key_column_usage fk
WHERE fk.referenced_column_name is not null
  AND fk.table_schema = 'meus_contatos_development'
  AND fk.table_name = 'contatos'
[0m
  [1m[35m (0.4ms)[0m  SHOW CREATE TABLE `contatos`


Started GET "/contatos" for 127.0.0.1 at 2016-10-21 13:24:42 -0300
  [1m[36mActiveRecord::SchemaMigration Load (0.5ms)[0m  [1mSELECT `schema_migrations`.* FROM `schema_migrations`[0m
Processing by ContatosController#index as HTML
  [1m[35mContato Load (0.6ms)[0m  SELECT `contatos`.* FROM `contatos`
  Rendered contatos/index.html.erb within layouts/application (7.2ms)
Completed 200 OK in 1400ms (Views: 1355.8ms | ActiveRecord: 1.5ms)


Started GET "/assets/scaffolds.self-0a8b1eca88b694ffa5a1a7b47d9db97888a83f131ee5931cf9f205658cc01ebe.css?body=1" for 127.0.0.1 at 2016-10-21 13:24:43 -0300


Started GET "/contatos/new" for 127.0.0.1 at 2016-10-21 13:24:51 -0300
Processing by ContatosController#new as HTML
  Rendered contatos/_form.html.erb (220.9ms)
  Rendered contatos/new.html.erb within layouts/application (231.4ms)
Completed 200 OK in 272ms (Views: 258.9ms | ActiveRecord: 1.0ms)


Started POST "/contatos" for 127.0.0.1 at 2016-10-21 13:30:14 -0300
Processing by ContatosController#create as HTML
  Parameters: {"utf8"=>"✓", "authenticity_token"=>"ussHTWyjagCiH3G/qrIG4vZNzHuNyjB8hRR8QFTn3gYDPYh2aGY6gt6F+BhiCr7BTbeuy8cy/lKERxZ3D2OXag==", "contato"=>{"nome"=>"l", "telefone"=>"6", "email"=>"a"}, "commit"=>"Create Contato"}
  [1m[36m (2.4ms)[0m  [1mBEGIN[0m
  [1m[35mSQL (0.7ms)[0m  INSERT INTO `contatos` (`nome`, `telefone`, `email`, `created_at`, `updated_at`) VALUES ('l', '6', 'a', '2016-10-21 16:30:14', '2016-10-21 16:30:14')
  [1m[36m (52.5ms)[0m  [1mCOMMIT[0m
Redirected to http://localhost:3000/contatos/1
Completed 302 Found in 63ms (ActiveRecord: 55.7ms)


Started GET "/contatos/1" for 127.0.0.1 at 2016-10-21 13:30:14 -0300
Processing by ContatosController#show as HTML
  Parameters: {"id"=>"1"}
  [1m[35mContato Load (1.1ms)[0m  SELECT  `contatos`.* FROM `contatos` WHERE `contatos`.`id` = 1 LIMIT 1
  Rendered contatos/show.html.erb within layouts/application (1.4ms)
Completed 200 OK in 104ms (Views: 79.0ms | ActiveRecord: 1.1ms)


Started GET "/contatos/1/edit" for 127.0.0.1 at 2016-10-21 13:30:22 -0300
Processing by ContatosController#edit as HTML
  Parameters: {"id"=>"1"}
  [1m[36mContato Load (1.2ms)[0m  [1mSELECT  `contatos`.* FROM `contatos` WHERE `contatos`.`id` = 1 LIMIT 1[0m
  Rendered contatos/_form.html.erb (5.7ms)
  Rendered contatos/edit.html.erb within layouts/application (8.0ms)
Completed 200 OK in 44ms (Views: 40.8ms | ActiveRecord: 1.2ms)


Started GET "/contatos" for 127.0.0.1 at 2016-10-21 13:30:25 -0300
Processing by ContatosController#index as HTML
  [1m[35mContato Load (0.6ms)[0m  SELECT `contatos`.* FROM `contatos`
  Rendered contatos/index.html.erb within layouts/application (7.3ms)
Completed 200 OK in 40ms (Views: 38.4ms | ActiveRecord: 0.6ms)


Started GET "/contatos/1" for 127.0.0.1 at 2016-10-21 13:30:30 -0300
Processing by ContatosController#show as HTML
  Parameters: {"id"=>"1"}
  [1m[36mContato Load (3.1ms)[0m  [1mSELECT  `contatos`.* FROM `contatos` WHERE `contatos`.`id` = 1 LIMIT 1[0m
  Rendered contatos/show.html.erb within layouts/application (1.2ms)
Completed 200 OK in 41ms (Views: 35.3ms | ActiveRecord: 3.1ms)


Started GET "/contatos" for 127.0.0.1 at 2016-10-21 13:30:34 -0300
Processing by ContatosController#index as HTML
  [1m[35mContato Load (0.7ms)[0m  SELECT `contatos`.* FROM `contatos`
  Rendered contatos/index.html.erb within layouts/application (2.8ms)
Completed 200 OK in 46ms (Views: 44.9ms | ActiveRecord: 0.7ms)


Started DELETE "/contatos/1" for 127.0.0.1 at 2016-10-21 13:30:36 -0300
Processing by ContatosController#destroy as HTML
  Parameters: {"authenticity_token"=>"vYxfHFRXEGu0n/gfQowP8sX10ixu9cYV+x4PGrmvY1IEetAnUJJA6cgFcbiKNLfRfg+wnCQNCDv6TWUt4isqPg==", "id"=>"1"}
  [1m[36mContato Load (0.7ms)[0m  [1mSELECT  `contatos`.* FROM `contatos` WHERE `contatos`.`id` = 1 LIMIT 1[0m
  [1m[35m (0.5ms)[0m  BEGIN
  [1m[36mSQL (1.3ms)[0m  [1mDELETE FROM `contatos` WHERE `contatos`.`id` = 1[0m
  [1m[35m (85.3ms)[0m  COMMIT
Redirected to http://localhost:3000/contatos
Completed 302 Found in 94ms (ActiveRecord: 87.7ms)


Started GET "/contatos" for 127.0.0.1 at 2016-10-21 13:30:36 -0300
Processing by ContatosController#index as HTML
  [1m[36mContato Load (1.2ms)[0m  [1mSELECT `contatos`.* FROM `contatos`[0m
  Rendered contatos/index.html.erb within layouts/application (3.5ms)
Completed 200 OK in 33ms (Views: 30.6ms | ActiveRecord: 1.2ms)


Started GET "/contatos" for 127.0.0.1 at 2016-10-21 13:34:18 -0300
  [1m[36mActiveRecord::SchemaMigration Load (0.7ms)[0m  [1mSELECT `schema_migrations`.* FROM `schema_migrations`[0m
Processing by ContatosController#index as HTML
  [1m[35mContato Load (0.5ms)[0m  SELECT `contatos`.* FROM `contatos`
  Rendered contatos/index.html.erb within layouts/application (6.3ms)
Completed 200 OK in 345ms (Views: 327.8ms | ActiveRecord: 1.3ms)


Started GET "/contatos" for 127.0.0.1 at 2016-10-21 14:16:57 -0300
  [1m[36mActiveRecord::SchemaMigration Load (0.7ms)[0m  [1mSELECT `schema_migrations`.* FROM `schema_migrations`[0m
Processing by ContatosController#index as HTML
  [1m[35mContato Load (0.5ms)[0m  SELECT `contatos`.* FROM `contatos`
  Rendered contatos/index.html.erb within layouts/application (5.9ms)
Completed 200 OK in 421ms (Views: 403.8ms | ActiveRecord: 1.4ms)


Started GET "/contatos/new" for 127.0.0.1 at 2016-10-21 14:17:02 -0300
Processing by ContatosController#new as HTML
  Rendered contatos/_form.html.erb (31.1ms)
  Rendered contatos/new.html.erb within layouts/application (37.1ms)
Completed 200 OK in 74ms (Views: 60.2ms | ActiveRecord: 1.0ms)


Started GET "/contatos" for 127.0.0.1 at 2016-10-21 14:17:08 -0300
Processing by ContatosController#index as HTML
  [1m[36mContato Load (1.6ms)[0m  [1mSELECT `contatos`.* FROM `contatos`[0m
  Rendered contatos/index.html.erb within layouts/application (4.4ms)
Completed 200 OK in 74ms (Views: 71.7ms | ActiveRecord: 1.6ms)


Started GET "/" for 127.0.0.1 at 2016-10-28 12:24:19 -0300
  [1m[36mActiveRecord::SchemaMigration Load (33.3ms)[0m  [1mSELECT `schema_migrations`.* FROM `schema_migrations`[0m
Processing by Rails::WelcomeController#index as HTML
  Rendered /home/leonardo/.rbenv/versions/2.3.1/lib/ruby/gems/2.3.0/gems/railties-4.2.6/lib/rails/templates/rails/welcome/index.html.erb (2.9ms)
Completed 200 OK in 81ms (Views: 56.6ms | ActiveRecord: 0.0ms)


Started GET "/meus_contatos" for 127.0.0.1 at 2016-10-28 12:24:39 -0300

ActionController::RoutingError (No route matches [GET] "/meus_contatos"):
  actionpack (4.2.6) lib/action_dispatch/middleware/debug_exceptions.rb:21:in `call'
  web-console (2.3.0) lib/web_console/middleware.rb:28:in `block in call'
  web-console (2.3.0) lib/web_console/middleware.rb:18:in `catch'
  web-console (2.3.0) lib/web_console/middleware.rb:18:in `call'
  actionpack (4.2.6) lib/action_dispatch/middleware/show_exceptions.rb:30:in `call'
  railties (4.2.6) lib/rails/rack/logger.rb:38:in `call_app'
  railties (4.2.6) lib/rails/rack/logger.rb:20:in `block in call'
  activesupport (4.2.6) lib/active_support/tagged_logging.rb:68:in `block in tagged'
  activesupport (4.2.6) lib/active_support/tagged_logging.rb:26:in `tagged'
  activesupport (4.2.6) lib/active_support/tagged_logging.rb:68:in `tagged'
  railties (4.2.6) lib/rails/rack/logger.rb:20:in `call'
  actionpack (4.2.6) lib/action_dispatch/middleware/request_id.rb:21:in `call'
  rack (1.6.4) lib/rack/methodoverride.rb:22:in `call'
  rack (1.6.4) lib/rack/runtime.rb:18:in `call'
  activesupport (4.2.6) lib/active_support/cache/strategy/local_cache_middleware.rb:28:in `call'
  rack (1.6.4) lib/rack/lock.rb:17:in `call'
  actionpack (4.2.6) lib/action_dispatch/middleware/static.rb:120:in `call'
  rack (1.6.4) lib/rack/sendfile.rb:113:in `call'
  railties (4.2.6) lib/rails/engine.rb:518:in `call'
  railties (4.2.6) lib/rails/application.rb:165:in `call'
  rack (1.6.4) lib/rack/lock.rb:17:in `call'
  rack (1.6.4) lib/rack/content_length.rb:15:in `call'
  rack (1.6.4) lib/rack/handler/webrick.rb:88:in `service'
  /home/leonardo/.rbenv/versions/2.3.1/lib/ruby/2.3.0/webrick/httpserver.rb:140:in `service'
  /home/leonardo/.rbenv/versions/2.3.1/lib/ruby/2.3.0/webrick/httpserver.rb:96:in `run'
  /home/leonardo/.rbenv/versions/2.3.1/lib/ruby/2.3.0/webrick/server.rb:296:in `block in start_thread'


  Rendered /home/leonardo/.rbenv/versions/2.3.1/lib/ruby/gems/2.3.0/gems/actionpack-4.2.6/lib/action_dispatch/middleware/templates/rescues/_trace.html.erb (2.4ms)
  Rendered /home/leonardo/.rbenv/versions/2.3.1/lib/ruby/gems/2.3.0/gems/actionpack-4.2.6/lib/action_dispatch/middleware/templates/routes/_route.html.erb (1.6ms)
  Rendered /home/leonardo/.rbenv/versions/2.3.1/lib/ruby/gems/2.3.0/gems/actionpack-4.2.6/lib/action_dispatch/middleware/templates/routes/_table.html.erb (30.0ms)
  Rendered /home/leonardo/.rbenv/versions/2.3.1/lib/ruby/gems/2.3.0/gems/actionpack-4.2.6/lib/action_dispatch/middleware/templates/rescues/_request_and_response.html.erb (2.1ms)
  Rendered /home/leonardo/.rbenv/versions/2.3.1/lib/ruby/gems/2.3.0/gems/actionpack-4.2.6/lib/action_dispatch/middleware/templates/rescues/routing_error.html.erb within rescues/layout (112.6ms)
  Rendered /home/leonardo/.rbenv/versions/2.3.1/lib/ruby/gems/2.3.0/gems/web-console-2.3.0/lib/web_console/templates/_markup.html.erb (0.8ms)
  Rendered /home/leonardo/.rbenv/versions/2.3.1/lib/ruby/gems/2.3.0/gems/web-console-2.3.0/lib/web_console/templates/_inner_console_markup.html.erb within layouts/inlined_string (0.6ms)
  Rendered /home/leonardo/.rbenv/versions/2.3.1/lib/ruby/gems/2.3.0/gems/web-console-2.3.0/lib/web_console/templates/_prompt_box_markup.html.erb within layouts/inlined_string (0.8ms)
  Rendered /home/leonardo/.rbenv/versions/2.3.1/lib/ruby/gems/2.3.0/gems/web-console-2.3.0/lib/web_console/templates/style.css.erb within layouts/inlined_string (1.0ms)
  Rendered /home/leonardo/.rbenv/versions/2.3.1/lib/ruby/gems/2.3.0/gems/web-console-2.3.0/lib/web_console/templates/console.js.erb within layouts/javascript (82.9ms)
  Rendered /home/leonardo/.rbenv/versions/2.3.1/lib/ruby/gems/2.3.0/gems/web-console-2.3.0/lib/web_console/templates/main.js.erb within layouts/javascript (0.7ms)
  Rendered /home/leonardo/.rbenv/versions/2.3.1/lib/ruby/gems/2.3.0/gems/web-console-2.3.0/lib/web_console/templates/error_page.js.erb within layouts/javascript (1.3ms)
  Rendered /home/leonardo/.rbenv/versions/2.3.1/lib/ruby/gems/2.3.0/gems/web-console-2.3.0/lib/web_console/templates/index.html.erb (122.4ms)
